0 info it worked if it ends with ok
1 verbose cli [ 'C:\\Program Files\\nodejs\\\\node.exe',
1 verbose cli   'C:\\Program Files\\nodejs\\node_modules\\npm\\bin\\npm-cli.js',
1 verbose cli   'install',
1 verbose cli   'hiredis',
1 verbose cli   '--save' ]
2 info using npm@2.7.4
3 info using node@v0.12.2
4 verbose node symlink C:\Program Files\nodejs\\node.exe
5 warn package.json ntalk@0.0.1 No repository field.
6 warn package.json ntalk@0.0.1 No README data
7 silly cache add args [ 'hiredis', null ]
8 verbose cache add spec hiredis
9 silly cache add parsed spec { raw: 'hiredis',
9 silly cache add   scope: null,
9 silly cache add   name: 'hiredis',
9 silly cache add   rawSpec: '',
9 silly cache add   spec: '*',
9 silly cache add   type: 'range' }
10 verbose addNamed hiredis@*
11 silly addNamed semver.valid null
12 silly addNamed semver.validRange *
13 silly addNameRange { name: 'hiredis', range: '*', hasData: false }
14 silly mapToRegistry name hiredis
15 silly mapToRegistry using default registry
16 silly mapToRegistry registry http://registry.npmjs.org/
17 silly mapToRegistry uri http://registry.npmjs.org/hiredis
18 verbose addNameRange registry:http://registry.npmjs.org/hiredis not in flight; fetching
19 verbose request uri http://registry.npmjs.org/hiredis
20 verbose request no auth needed
21 info attempt registry request try #1 at 17:19:24
22 verbose request id 98659a8197d039e4
23 verbose etag "BA2R61SWXRBTOFH59H43464JG"
24 http request GET http://registry.npmjs.org/hiredis
25 http 304 http://registry.npmjs.org/hiredis
26 silly get cb [ 304,
26 silly get   { date: 'Mon, 04 May 2015 20:20:40 GMT',
26 silly get     'cache-control': 'max-age=60',
26 silly get     etag: '"BA2R61SWXRBTOFH59H43464JG"',
26 silly get     age: '0',
26 silly get     'x-served-by': 'cache-jfk1033-JFK',
26 silly get     'x-cache': 'HIT, MISS from darth-sidious.datacoper.com.br',
26 silly get     'x-cache-hits': '1',
26 silly get     'x-timer': 'S1430770840.466962,VS0,VE77',
26 silly get     vary: 'Accept',
26 silly get     'x-cache-lookup': 'MISS from darth-sidious.datacoper.com.br:3128',
26 silly get     via: '1.1 varnish, 1.0 darth-sidious.datacoper.com.br (squid/3.1.20)',
26 silly get     connection: 'keep-alive' } ]
27 verbose etag http://registry.npmjs.org/hiredis from cache
28 verbose get saving hiredis to C:\Users\diego.oliveira\AppData\Roaming\npm-cache\registry.npmjs.org\hiredis\.cache.json
29 silly addNameRange number 2 { name: 'hiredis', range: '*', hasData: true }
30 silly addNameRange versions [ 'hiredis',
30 silly addNameRange   [ '0.1.0',
30 silly addNameRange     '0.1.1',
30 silly addNameRange     '0.1.2',
30 silly addNameRange     '0.1.3',
30 silly addNameRange     '0.1.4',
30 silly addNameRange     '0.1.5',
30 silly addNameRange     '0.1.6',
30 silly addNameRange     '0.1.8',
30 silly addNameRange     '0.1.9',
30 silly addNameRange     '0.1.10',
30 silly addNameRange     '0.1.12',
30 silly addNameRange     '0.1.13',
30 silly addNameRange     '0.1.14',
30 silly addNameRange     '0.1.15',
30 silly addNameRange     '0.1.16',
30 silly addNameRange     '0.1.17',
30 silly addNameRange     '0.2.0',
30 silly addNameRange     '0.3.0' ] ]
31 verbose addNamed hiredis@0.3.0
32 silly addNamed semver.valid 0.3.0
33 silly addNamed semver.validRange 0.3.0
34 silly cache afterAdd hiredis@0.3.0
35 verbose afterAdd C:\Users\diego.oliveira\AppData\Roaming\npm-cache\hiredis\0.3.0\package\package.json not in flight; writing
36 verbose afterAdd C:\Users\diego.oliveira\AppData\Roaming\npm-cache\hiredis\0.3.0\package\package.json written
37 silly install resolved [ { name: 'hiredis',
37 silly install resolved     description: 'Wrapper for reply processing code in hiredis',
37 silly install resolved     version: '0.3.0',
37 silly install resolved     homepage: 'http://github.com/redis/hiredis-node',
37 silly install resolved     author: { name: 'Jan-Erik Rediger', email: 'janerik@fnordig.de' },
37 silly install resolved     contributors: [ [Object] ],
37 silly install resolved     main: 'hiredis',
37 silly install resolved     scripts:
37 silly install resolved      { test: 'node test/reader.js && node test/writer.js',
37 silly install resolved        install: 'node-gyp rebuild' },
37 silly install resolved     dependencies: { bindings: '*', nan: '~1.5.0' },
37 silly install resolved     engines: { node: '>= 0.8.0' },
37 silly install resolved     repository:
37 silly install resolved      { type: 'git',
37 silly install resolved        url: 'https://github.com/redis/hiredis-node.git' },
37 silly install resolved     bugs: { url: 'https://github.com/redis/hiredis-node/issues' },
37 silly install resolved     licenses: [ [Object] ],
37 silly install resolved     gypfile: true,
37 silly install resolved     gitHead: '5f8769748a81ed4d1b256798f7675f2651f0fbae',
37 silly install resolved     _id: 'hiredis@0.3.0',
37 silly install resolved     _shasum: '8981aa09d0f9d7e00c88ceec72ece68444f412d9',
37 silly install resolved     _from: 'hiredis@*',
37 silly install resolved     _npmVersion: '2.7.4',
37 silly install resolved     _nodeVersion: '0.12.2',
37 silly install resolved     _npmUser: { name: 'badboy_', email: 'janerik@fnordig.de' },
37 silly install resolved     maintainers: [ [Object], [Object] ],
37 silly install resolved     dist:
37 silly install resolved      { shasum: '8981aa09d0f9d7e00c88ceec72ece68444f412d9',
37 silly install resolved        tarball: 'http://registry.npmjs.org/hiredis/-/hiredis-0.3.0.tgz' },
37 silly install resolved     directories: {},
37 silly install resolved     _resolved: 'http://registry.npmjs.org/hiredis/-/hiredis-0.3.0.tgz',
37 silly install resolved     readme: 'ERROR: No README data found!' } ]
38 info install hiredis@0.3.0 into C:\Users\diego.oliveira\Desktop\livroNode\ntalk
39 info installOne hiredis@0.3.0
40 verbose installOne of hiredis to C:\Users\diego.oliveira\Desktop\livroNode\ntalk not in flight; installing
41 verbose lock using C:\Users\diego.oliveira\AppData\Roaming\npm-cache\_locks\hiredis-7495aff37010e0a2.lock for C:\Users\diego.oliveira\Desktop\livroNode\ntalk\node_modules\hiredis
42 silly install write writing hiredis 0.3.0 to C:\Users\diego.oliveira\Desktop\livroNode\ntalk\node_modules\hiredis
43 silly cache addNamed cb hiredis@0.3.0
44 verbose unbuild node_modules\hiredis
45 silly gentlyRm C:\Users\diego.oliveira\Desktop\livroNode\ntalk\node_modules\hiredis is being purged from base C:\Users\diego.oliveira\Desktop\livroNode\ntalk
46 verbose gentlyRm don't care about contents; nuking C:\Users\diego.oliveira\Desktop\livroNode\ntalk\node_modules\hiredis
47 verbose tar unpack C:\Users\diego.oliveira\AppData\Roaming\npm-cache\hiredis\0.3.0\package.tgz
48 verbose tar unpacking to C:\Users\diego.oliveira\Desktop\livroNode\ntalk\node_modules\hiredis
49 silly gentlyRm C:\Users\diego.oliveira\Desktop\livroNode\ntalk\node_modules\hiredis is being purged
50 verbose gentlyRm don't care about contents; nuking C:\Users\diego.oliveira\Desktop\livroNode\ntalk\node_modules\hiredis
51 silly gunzTarPerm modes [ '777', '666' ]
52 silly gunzTarPerm extractEntry package.json
53 silly gunzTarPerm modified mode [ 'package.json', 420, 438 ]
54 silly gunzTarPerm extractEntry .npmignore
55 silly gunzTarPerm modified mode [ '.npmignore', 420, 438 ]
56 silly gunzTarPerm extractEntry README.md
57 silly gunzTarPerm modified mode [ 'README.md', 420, 438 ]
58 silly gunzTarPerm extractEntry bench.js
59 silly gunzTarPerm modified mode [ 'bench.js', 420, 438 ]
60 silly gunzTarPerm extractEntry hiredis.js
61 silly gunzTarPerm modified mode [ 'hiredis.js', 420, 438 ]
62 silly gunzTarPerm extractEntry binding.gyp
63 silly gunzTarPerm modified mode [ 'binding.gyp', 420, 438 ]
64 silly gunzTarPerm extractEntry Makefile
65 silly gunzTarPerm modified mode [ 'Makefile', 420, 438 ]
66 silly gunzTarPerm extractEntry appveyor.yml
67 silly gunzTarPerm modified mode [ 'appveyor.yml', 420, 438 ]
68 silly gunzTarPerm extractEntry .gitmodules
69 silly gunzTarPerm modified mode [ '.gitmodules', 420, 438 ]
70 silly gunzTarPerm extractEntry .travis.yml
71 silly gunzTarPerm modified mode [ '.travis.yml', 420, 438 ]
72 silly gunzTarPerm extractEntry deps/hiredis/.npmignore
73 silly gunzTarPerm modified mode [ 'deps/hiredis/.npmignore', 420, 438 ]
74 silly gunzTarPerm extractEntry deps/hiredis/README.md
75 silly gunzTarPerm modified mode [ 'deps/hiredis/README.md', 420, 438 ]
76 silly gunzTarPerm extractEntry deps/hiredis/CHANGELOG.md
77 silly gunzTarPerm modified mode [ 'deps/hiredis/CHANGELOG.md', 420, 438 ]
78 silly gunzTarPerm extractEntry deps/hiredis/COPYING
79 silly gunzTarPerm modified mode [ 'deps/hiredis/COPYING', 420, 438 ]
80 silly gunzTarPerm extractEntry deps/hiredis/Makefile
81 silly gunzTarPerm modified mode [ 'deps/hiredis/Makefile', 420, 438 ]
82 silly gunzTarPerm extractEntry deps/hiredis/win32.h
83 silly gunzTarPerm modified mode [ 'deps/hiredis/win32.h', 420, 438 ]
84 silly gunzTarPerm extractEntry deps/hiredis/adapters/ae.h
85 silly gunzTarPerm modified mode [ 'deps/hiredis/adapters/ae.h', 420, 438 ]
86 silly gunzTarPerm extractEntry deps/hiredis/adapters/glib.h
87 silly gunzTarPerm modified mode [ 'deps/hiredis/adapters/glib.h', 420, 438 ]
88 silly gunzTarPerm extractEntry deps/hiredis/adapters/libev.h
89 silly gunzTarPerm modified mode [ 'deps/hiredis/adapters/libev.h', 420, 438 ]
90 silly gunzTarPerm extractEntry deps/hiredis/adapters/libevent.h
91 silly gunzTarPerm modified mode [ 'deps/hiredis/adapters/libevent.h', 420, 438 ]
92 silly gunzTarPerm extractEntry deps/hiredis/adapters/libuv.h
93 silly gunzTarPerm modified mode [ 'deps/hiredis/adapters/libuv.h', 420, 438 ]
94 silly gunzTarPerm extractEntry deps/hiredis/async.c
95 silly gunzTarPerm modified mode [ 'deps/hiredis/async.c', 420, 438 ]
96 silly gunzTarPerm extractEntry deps/hiredis/async.h
97 silly gunzTarPerm modified mode [ 'deps/hiredis/async.h', 420, 438 ]
98 silly gunzTarPerm extractEntry deps/hiredis/dict.c
99 silly gunzTarPerm modified mode [ 'deps/hiredis/dict.c', 420, 438 ]
100 silly gunzTarPerm extractEntry deps/hiredis/dict.h
101 silly gunzTarPerm modified mode [ 'deps/hiredis/dict.h', 420, 438 ]
102 silly gunzTarPerm extractEntry deps/hiredis/.travis.yml
103 silly gunzTarPerm modified mode [ 'deps/hiredis/.travis.yml', 420, 438 ]
104 silly gunzTarPerm extractEntry deps/hiredis/fmacros.h
105 silly gunzTarPerm modified mode [ 'deps/hiredis/fmacros.h', 420, 438 ]
106 silly gunzTarPerm extractEntry deps/hiredis/hiredis.c
107 silly gunzTarPerm modified mode [ 'deps/hiredis/hiredis.c', 420, 438 ]
108 silly gunzTarPerm extractEntry deps/hiredis/hiredis.h
109 silly gunzTarPerm modified mode [ 'deps/hiredis/hiredis.h', 420, 438 ]
110 silly gunzTarPerm extractEntry deps/hiredis/net.c
111 silly gunzTarPerm modified mode [ 'deps/hiredis/net.c', 420, 438 ]
112 silly gunzTarPerm extractEntry deps/hiredis/net.h
113 silly gunzTarPerm modified mode [ 'deps/hiredis/net.h', 420, 438 ]
114 silly gunzTarPerm extractEntry deps/hiredis/read.c
115 silly gunzTarPerm modified mode [ 'deps/hiredis/read.c', 420, 438 ]
116 silly gunzTarPerm extractEntry deps/hiredis/read.h
117 silly gunzTarPerm modified mode [ 'deps/hiredis/read.h', 420, 438 ]
118 silly gunzTarPerm extractEntry deps/hiredis/sds.c
119 silly gunzTarPerm modified mode [ 'deps/hiredis/sds.c', 420, 438 ]
120 silly gunzTarPerm extractEntry deps/hiredis/sds.h
121 silly gunzTarPerm modified mode [ 'deps/hiredis/sds.h', 420, 438 ]
122 silly gunzTarPerm extractEntry deps/hiredis/test.c
123 silly gunzTarPerm modified mode [ 'deps/hiredis/test.c', 420, 438 ]
124 silly gunzTarPerm extractEntry deps/hiredis/examples/example-ae.c
125 silly gunzTarPerm modified mode [ 'deps/hiredis/examples/example-ae.c', 420, 438 ]
126 silly gunzTarPerm extractEntry deps/hiredis/examples/example-glib.c
127 silly gunzTarPerm modified mode [ 'deps/hiredis/examples/example-glib.c', 420, 438 ]
128 silly gunzTarPerm extractEntry deps/hiredis/examples/example-libev.c
129 silly gunzTarPerm modified mode [ 'deps/hiredis/examples/example-libev.c', 420, 438 ]
130 silly gunzTarPerm extractEntry deps/hiredis/examples/example-libevent.c
131 silly gunzTarPerm modified mode [ 'deps/hiredis/examples/example-libevent.c', 420, 438 ]
132 silly gunzTarPerm extractEntry deps/hiredis/examples/example-libuv.c
133 silly gunzTarPerm modified mode [ 'deps/hiredis/examples/example-libuv.c', 420, 438 ]
134 silly gunzTarPerm extractEntry deps/hiredis/examples/example.c
135 silly gunzTarPerm modified mode [ 'deps/hiredis/examples/example.c', 420, 438 ]
136 silly gunzTarPerm extractEntry deps/hiredis.gyp
137 silly gunzTarPerm modified mode [ 'deps/hiredis.gyp', 420, 438 ]
138 silly gunzTarPerm extractEntry CHANGELOG.md
139 silly gunzTarPerm modified mode [ 'CHANGELOG.md', 420, 438 ]
140 silly gunzTarPerm extractEntry src/hiredis.cc
141 silly gunzTarPerm modified mode [ 'src/hiredis.cc', 420, 438 ]
142 silly gunzTarPerm extractEntry src/reader.cc
143 silly gunzTarPerm modified mode [ 'src/reader.cc', 420, 438 ]
144 silly gunzTarPerm extractEntry src/reader.h
145 silly gunzTarPerm modified mode [ 'src/reader.h', 420, 438 ]
146 silly gunzTarPerm extractEntry COPYING
147 silly gunzTarPerm modified mode [ 'COPYING', 420, 438 ]
148 silly gunzTarPerm extractEntry run-all.sh
149 silly gunzTarPerm modified mode [ 'run-all.sh', 493, 511 ]
150 silly gunzTarPerm extractEntry test/reader.js
151 silly gunzTarPerm modified mode [ 'test/reader.js', 420, 438 ]
152 silly gunzTarPerm extractEntry test/testlib.js
153 silly gunzTarPerm modified mode [ 'test/testlib.js', 420, 438 ]
154 silly gunzTarPerm extractEntry test/writer.js
155 silly gunzTarPerm modified mode [ 'test/writer.js', 420, 438 ]
156 info preinstall hiredis@0.3.0
157 silly prepareForInstallMany adding bindings@* from hiredis dependencies
158 silly prepareForInstallMany adding nan@~1.5.0 from hiredis dependencies
159 silly cache add args [ 'bindings@*', null ]
160 verbose cache add spec bindings@*
161 silly cache add args [ 'nan@~1.5.0', null ]
162 verbose cache add spec nan@~1.5.0
163 silly cache add parsed spec { raw: 'bindings@*',
163 silly cache add   scope: null,
163 silly cache add   name: 'bindings',
163 silly cache add   rawSpec: '*',
163 silly cache add   spec: '*',
163 silly cache add   type: 'range' }
164 verbose addNamed bindings@*
165 silly addNamed semver.valid null
166 silly addNamed semver.validRange *
167 silly addNameRange { name: 'bindings', range: '*', hasData: false }
168 silly mapToRegistry name bindings
169 silly mapToRegistry using default registry
170 silly mapToRegistry registry http://registry.npmjs.org/
171 silly mapToRegistry uri http://registry.npmjs.org/bindings
172 verbose addNameRange registry:http://registry.npmjs.org/bindings not in flight; fetching
173 silly cache add parsed spec { raw: 'nan@~1.5.0',
173 silly cache add   scope: null,
173 silly cache add   name: 'nan',
173 silly cache add   rawSpec: '~1.5.0',
173 silly cache add   spec: '>=1.5.0 <1.6.0',
173 silly cache add   type: 'range' }
174 verbose addNamed nan@>=1.5.0 <1.6.0
175 silly addNamed semver.valid null
176 silly addNamed semver.validRange >=1.5.0 <1.6.0
177 silly addNameRange { name: 'nan', range: '>=1.5.0 <1.6.0', hasData: false }
178 silly mapToRegistry name nan
179 silly mapToRegistry using default registry
180 silly mapToRegistry registry http://registry.npmjs.org/
181 silly mapToRegistry uri http://registry.npmjs.org/nan
182 verbose addNameRange registry:http://registry.npmjs.org/nan not in flight; fetching
183 verbose request uri http://registry.npmjs.org/bindings
184 verbose request no auth needed
185 info attempt registry request try #1 at 17:19:25
186 verbose etag "5997G8NY1OJEMZ1HNHL7VBX5J"
187 http request GET http://registry.npmjs.org/bindings
188 verbose request uri http://registry.npmjs.org/nan
189 verbose request no auth needed
190 info attempt registry request try #1 at 17:19:25
191 verbose etag "D9X1WVB37H5NYMOI61FHEOYM0"
192 http request GET http://registry.npmjs.org/nan
193 http 304 http://registry.npmjs.org/bindings
194 silly get cb [ 304,
194 silly get   { date: 'Mon, 04 May 2015 20:20:41 GMT',
194 silly get     'cache-control': 'max-age=60',
194 silly get     etag: '"5997G8NY1OJEMZ1HNHL7VBX5J"',
194 silly get     age: '21',
194 silly get     'x-served-by': 'cache-jfk1033-JFK',
194 silly get     'x-cache': 'HIT, MISS from darth-sidious.datacoper.com.br',
194 silly get     'x-cache-hits': '1',
194 silly get     'x-timer': 'S1430770841.046644,VS0,VE0',
194 silly get     vary: 'Accept',
194 silly get     'x-cache-lookup': 'MISS from darth-sidious.datacoper.com.br:3128',
194 silly get     via: '1.1 varnish, 1.0 darth-sidious.datacoper.com.br (squid/3.1.20)',
194 silly get     connection: 'keep-alive' } ]
195 verbose etag http://registry.npmjs.org/bindings from cache
196 verbose get saving bindings to C:\Users\diego.oliveira\AppData\Roaming\npm-cache\registry.npmjs.org\bindings\.cache.json
197 silly addNameRange number 2 { name: 'bindings', range: '*', hasData: true }
198 silly addNameRange versions [ 'bindings',
198 silly addNameRange   [ '0.0.1',
198 silly addNameRange     '0.1.0',
198 silly addNameRange     '0.1.1',
198 silly addNameRange     '0.2.0',
198 silly addNameRange     '0.2.1',
198 silly addNameRange     '0.2.2',
198 silly addNameRange     '0.2.3',
198 silly addNameRange     '0.2.4',
198 silly addNameRange     '0.3.0',
198 silly addNameRange     '0.4.0',
198 silly addNameRange     '1.0.0',
198 silly addNameRange     '1.1.0',
198 silly addNameRange     '1.1.1',
198 silly addNameRange     '1.2.0',
198 silly addNameRange     '1.2.1' ] ]
199 verbose addNamed bindings@1.2.1
200 silly addNamed semver.valid 1.2.1
201 silly addNamed semver.validRange 1.2.1
202 silly cache afterAdd bindings@1.2.1
203 verbose afterAdd C:\Users\diego.oliveira\AppData\Roaming\npm-cache\bindings\1.2.1\package\package.json not in flight; writing
204 verbose afterAdd C:\Users\diego.oliveira\AppData\Roaming\npm-cache\bindings\1.2.1\package\package.json written
205 http 304 http://registry.npmjs.org/nan
206 silly get cb [ 304,
206 silly get   { date: 'Mon, 04 May 2015 20:20:41 GMT',
206 silly get     'last-modified': 'Mon, 04 May 2015 20:20:41 GMT',
206 silly get     'cache-control': 'max-age=60',
206 silly get     etag: '"D9X1WVB37H5NYMOI61FHEOYM0"',
206 silly get     age: '22',
206 silly get     'x-served-by': 'cache-jfk1021-JFK',
206 silly get     'x-cache': 'HIT, MISS from darth-sidious.datacoper.com.br',
206 silly get     'x-cache-hits': '1',
206 silly get     'x-timer': 'S1430770841.205465,VS0,VE0',
206 silly get     vary: 'Accept',
206 silly get     'x-cache-lookup': 'MISS from darth-sidious.datacoper.com.br:3128',
206 silly get     via: '1.1 varnish, 1.0 darth-sidious.datacoper.com.br (squid/3.1.20)',
206 silly get     connection: 'keep-alive' } ]
207 verbose etag http://registry.npmjs.org/nan from cache
208 verbose get saving nan to C:\Users\diego.oliveira\AppData\Roaming\npm-cache\registry.npmjs.org\nan\.cache.json
209 silly addNameRange number 2 { name: 'nan', range: '>=1.5.0 <1.6.0', hasData: true }
210 silly addNameRange versions [ 'nan',
210 silly addNameRange   [ '0.3.0-wip',
210 silly addNameRange     '0.3.0-wip2',
210 silly addNameRange     '0.3.0',
210 silly addNameRange     '0.3.1',
210 silly addNameRange     '0.3.2',
210 silly addNameRange     '0.4.0',
210 silly addNameRange     '0.4.1',
210 silly addNameRange     '0.4.2',
210 silly addNameRange     '0.4.3',
210 silly addNameRange     '0.4.4',
210 silly addNameRange     '0.5.0',
210 silly addNameRange     '0.5.1',
210 silly addNameRange     '0.5.2',
210 silly addNameRange     '0.6.0',
210 silly addNameRange     '0.7.0',
210 silly addNameRange     '0.7.1',
210 silly addNameRange     '0.8.0',
210 silly addNameRange     '1.0.0',
210 silly addNameRange     '1.1.0',
210 silly addNameRange     '1.1.1',
210 silly addNameRange     '1.1.2',
210 silly addNameRange     '1.2.0',
210 silly addNameRange     '1.3.0',
210 silly addNameRange     '1.4.0',
210 silly addNameRange     '1.4.1',
210 silly addNameRange     '1.5.0',
210 silly addNameRange     '1.4.2',
210 silly addNameRange     '1.4.3',
210 silly addNameRange     '1.5.1',
210 silly addNameRange     '1.5.2',
210 silly addNameRange     '1.6.0',
210 silly addNameRange     '1.5.3',
210 silly addNameRange     '1.6.1',
210 silly addNameRange     '1.6.2',
210 silly addNameRange     '1.7.0',
210 silly addNameRange     '1.8.0',
210 silly addNameRange     '1.8.1',
210 silly addNameRange     '1.8.2',
210 silly addNameRange     '1.8.3',
210 silly addNameRange     '1.8.4' ] ]
211 verbose addNamed nan@1.5.3
212 silly addNamed semver.valid 1.5.3
213 silly addNamed semver.validRange 1.5.3
214 silly cache afterAdd nan@1.5.3
215 verbose afterAdd C:\Users\diego.oliveira\AppData\Roaming\npm-cache\nan\1.5.3\package\package.json not in flight; writing
216 verbose afterAdd C:\Users\diego.oliveira\AppData\Roaming\npm-cache\nan\1.5.3\package\package.json written
217 silly install resolved [ { name: 'bindings',
217 silly install resolved     description: 'Helper module for loading your native module\'s .node file',
217 silly install resolved     keywords: [ 'native', 'addon', 'bindings', 'gyp', 'waf', 'c', 'c++' ],
217 silly install resolved     version: '1.2.1',
217 silly install resolved     author:
217 silly install resolved      { name: 'Nathan Rajlich',
217 silly install resolved        email: 'nathan@tootallnate.net',
217 silly install resolved        url: 'http://tootallnate.net' },
217 silly install resolved     repository:
217 silly install resolved      { type: 'git',
217 silly install resolved        url: 'git://github.com/TooTallNate/node-bindings.git' },
217 silly install resolved     main: './bindings.js',
217 silly install resolved     bugs: { url: 'https://github.com/TooTallNate/node-bindings/issues' },
217 silly install resolved     homepage: 'https://github.com/TooTallNate/node-bindings',
217 silly install resolved     license: 'MIT',
217 silly install resolved     gitHead: 'e404152ee27f8478ccbc7122ee051246e8e5ec02',
217 silly install resolved     _id: 'bindings@1.2.1',
217 silly install resolved     scripts: {},
217 silly install resolved     _shasum: '14ad6113812d2d37d72e67b4cacb4bb726505f11',
217 silly install resolved     _from: 'bindings@*',
217 silly install resolved     _npmVersion: '1.4.14',
217 silly install resolved     _npmUser: { name: 'tootallnate', email: 'nathan@tootallnate.net' },
217 silly install resolved     maintainers: [ [Object], [Object] ],
217 silly install resolved     dist:
217 silly install resolved      { shasum: '14ad6113812d2d37d72e67b4cacb4bb726505f11',
217 silly install resolved        tarball: 'http://registry.npmjs.org/bindings/-/bindings-1.2.1.tgz' },
217 silly install resolved     directories: {},
217 silly install resolved     _resolved: 'http://registry.npmjs.org/bindings/-/bindings-1.2.1.tgz',
217 silly install resolved     readme: 'ERROR: No README data found!' },
217 silly install resolved   { name: 'nan',
217 silly install resolved     version: '1.5.3',
217 silly install resolved     description: 'Native Abstractions for Node.js: C++ header for Node 0.8->0.12 compatibility',
217 silly install resolved     main: 'include_dirs.js',
217 silly install resolved     repository: { type: 'git', url: 'git://github.com/rvagg/nan.git' },
217 silly install resolved     scripts:
217 silly install resolved      { test: 'tap --gc test/js/*-test.js',
217 silly install resolved        'rebuild-tests': 'node-gyp rebuild --directory test' },
217 silly install resolved     contributors:
217 silly install resolved      [ [Object],
217 silly install resolved        [Object],
217 silly install resolved        [Object],
217 silly install resolved        [Object],
217 silly install resolved        [Object],
217 silly install resolved        [Object],
217 silly install resolved        [Object] ],
217 silly install resolved     devDependencies:
217 silly install resolved      { bindings: '~1.2.1',
217 silly install resolved        'node-gyp': '~1.0.2',
217 silly install resolved        tap: '~0.5.0',
217 silly install resolved        xtend: '~4.0.0' },
217 silly install resolved     license: 'MIT',
217 silly install resolved     gitHead: '28ea7e1b769f790c69deaf141b47e4d41e176e8b',
217 silly install resolved     bugs: { url: 'https://github.com/rvagg/nan/issues' },
217 silly install resolved     homepage: 'https://github.com/rvagg/nan',
217 silly install resolved     _id: 'nan@1.5.3',
217 silly install resolved     _shasum: '4cd0ecc133b7b0700a492a646add427ae8a318eb',
217 silly install resolved     _from: 'nan@>=1.5.0 <1.6.0',
217 silly install resolved     _npmVersion: '2.1.18',
217 silly install resolved     _nodeVersion: '1.0.3',
217 silly install resolved     _npmUser: { name: 'rvagg', email: 'rod@vagg.org' },
217 silly install resolved     maintainers: [ [Object], [Object] ],
217 silly install resolved     dist:
217 silly install resolved      { shasum: '4cd0ecc133b7b0700a492a646add427ae8a318eb',
217 silly install resolved        tarball: 'http://registry.npmjs.org/nan/-/nan-1.5.3.tgz' },
217 silly install resolved     directories: {},
217 silly install resolved     _resolved: 'http://registry.npmjs.org/nan/-/nan-1.5.3.tgz',
217 silly install resolved     readme: 'ERROR: No README data found!' } ]
218 info install bindings@1.2.1 into C:\Users\diego.oliveira\Desktop\livroNode\ntalk\node_modules\hiredis
219 info install nan@1.5.3 into C:\Users\diego.oliveira\Desktop\livroNode\ntalk\node_modules\hiredis
220 info installOne bindings@1.2.1
221 verbose installOne of bindings to C:\Users\diego.oliveira\Desktop\livroNode\ntalk\node_modules\hiredis not in flight; installing
222 info installOne nan@1.5.3
223 verbose installOne of nan to C:\Users\diego.oliveira\Desktop\livroNode\ntalk\node_modules\hiredis not in flight; installing
224 verbose lock using C:\Users\diego.oliveira\AppData\Roaming\npm-cache\_locks\bindings-45018d1af46085b4.lock for C:\Users\diego.oliveira\Desktop\livroNode\ntalk\node_modules\hiredis\node_modules\bindings
225 verbose lock using C:\Users\diego.oliveira\AppData\Roaming\npm-cache\_locks\nan-6d46a603dd864edd.lock for C:\Users\diego.oliveira\Desktop\livroNode\ntalk\node_modules\hiredis\node_modules\nan
226 silly install write writing bindings 1.2.1 to C:\Users\diego.oliveira\Desktop\livroNode\ntalk\node_modules\hiredis\node_modules\bindings
227 silly cache addNamed cb bindings@1.2.1
228 verbose unbuild node_modules\hiredis\node_modules\bindings
229 silly install write writing nan 1.5.3 to C:\Users\diego.oliveira\Desktop\livroNode\ntalk\node_modules\hiredis\node_modules\nan
230 silly cache addNamed cb nan@1.5.3
231 verbose unbuild node_modules\hiredis\node_modules\nan
232 silly gentlyRm C:\Users\diego.oliveira\Desktop\livroNode\ntalk\node_modules\hiredis\node_modules\bindings is being purged from base C:\Users\diego.oliveira\Desktop\livroNode\ntalk
233 verbose gentlyRm don't care about contents; nuking C:\Users\diego.oliveira\Desktop\livroNode\ntalk\node_modules\hiredis\node_modules\bindings
234 silly gentlyRm C:\Users\diego.oliveira\Desktop\livroNode\ntalk\node_modules\hiredis\node_modules\nan is being purged from base C:\Users\diego.oliveira\Desktop\livroNode\ntalk
235 verbose gentlyRm don't care about contents; nuking C:\Users\diego.oliveira\Desktop\livroNode\ntalk\node_modules\hiredis\node_modules\nan
236 verbose tar unpack C:\Users\diego.oliveira\AppData\Roaming\npm-cache\bindings\1.2.1\package.tgz
237 verbose tar unpacking to C:\Users\diego.oliveira\Desktop\livroNode\ntalk\node_modules\hiredis\node_modules\bindings
238 silly gentlyRm C:\Users\diego.oliveira\Desktop\livroNode\ntalk\node_modules\hiredis\node_modules\bindings is being purged
239 verbose gentlyRm don't care about contents; nuking C:\Users\diego.oliveira\Desktop\livroNode\ntalk\node_modules\hiredis\node_modules\bindings
240 verbose tar unpack C:\Users\diego.oliveira\AppData\Roaming\npm-cache\nan\1.5.3\package.tgz
241 verbose tar unpacking to C:\Users\diego.oliveira\Desktop\livroNode\ntalk\node_modules\hiredis\node_modules\nan
242 silly gentlyRm C:\Users\diego.oliveira\Desktop\livroNode\ntalk\node_modules\hiredis\node_modules\nan is being purged
243 verbose gentlyRm don't care about contents; nuking C:\Users\diego.oliveira\Desktop\livroNode\ntalk\node_modules\hiredis\node_modules\nan
244 silly gunzTarPerm modes [ '777', '666' ]
245 silly gunzTarPerm modes [ '777', '666' ]
246 silly gunzTarPerm extractEntry package.json
247 silly gunzTarPerm modified mode [ 'package.json', 420, 438 ]
248 silly gunzTarPerm extractEntry package.json
249 silly gunzTarPerm modified mode [ 'package.json', 436, 438 ]
250 silly gunzTarPerm extractEntry README.md
251 silly gunzTarPerm modified mode [ 'README.md', 420, 438 ]
252 silly gunzTarPerm extractEntry bindings.js
253 silly gunzTarPerm modified mode [ 'bindings.js', 420, 438 ]
254 silly gunzTarPerm extractEntry README.md
255 silly gunzTarPerm modified mode [ 'README.md', 436, 438 ]
256 silly gunzTarPerm extractEntry include_dirs.js
257 silly gunzTarPerm modified mode [ 'include_dirs.js', 420, 438 ]
258 silly gunzTarPerm extractEntry LICENSE.md
259 silly gunzTarPerm modified mode [ 'LICENSE.md', 436, 438 ]
260 silly gunzTarPerm extractEntry .dntrc
261 silly gunzTarPerm modified mode [ '.dntrc', 436, 438 ]
262 silly gunzTarPerm extractEntry appveyor.yml
263 silly gunzTarPerm modified mode [ 'appveyor.yml', 436, 438 ]
264 silly gunzTarPerm extractEntry nan.h
265 silly gunzTarPerm modified mode [ 'nan.h', 436, 438 ]
266 silly gunzTarPerm extractEntry nan_implementation_12_inl.h
267 silly gunzTarPerm modified mode [ 'nan_implementation_12_inl.h', 436, 438 ]
268 silly gunzTarPerm extractEntry nan_implementation_pre_12_inl.h
269 silly gunzTarPerm modified mode [ 'nan_implementation_pre_12_inl.h', 436, 438 ]
270 silly gunzTarPerm extractEntry nan_new.h
271 silly gunzTarPerm modified mode [ 'nan_new.h', 436, 438 ]
272 silly gunzTarPerm extractEntry CHANGELOG.md
273 silly gunzTarPerm modified mode [ 'CHANGELOG.md', 436, 438 ]
274 info preinstall bindings@1.2.1
275 silly install resolved []
276 verbose about to build C:\Users\diego.oliveira\Desktop\livroNode\ntalk\node_modules\hiredis\node_modules\bindings
277 info build C:\Users\diego.oliveira\Desktop\livroNode\ntalk\node_modules\hiredis\node_modules\bindings
278 verbose linkStuff [ false,
278 verbose linkStuff   false,
278 verbose linkStuff   false,
278 verbose linkStuff   'C:\\Users\\diego.oliveira\\Desktop\\livroNode\\ntalk\\node_modules\\hiredis\\node_modules' ]
279 info linkStuff bindings@1.2.1
280 verbose linkBins bindings@1.2.1
281 verbose linkMans bindings@1.2.1
282 verbose rebuildBundles bindings@1.2.1
283 info install bindings@1.2.1
284 info postinstall bindings@1.2.1
285 verbose unlock done using C:\Users\diego.oliveira\AppData\Roaming\npm-cache\_locks\bindings-45018d1af46085b4.lock for C:\Users\diego.oliveira\Desktop\livroNode\ntalk\node_modules\hiredis\node_modules\bindings
286 info preinstall nan@1.5.3
287 silly install resolved []
288 verbose about to build C:\Users\diego.oliveira\Desktop\livroNode\ntalk\node_modules\hiredis\node_modules\nan
289 info build C:\Users\diego.oliveira\Desktop\livroNode\ntalk\node_modules\hiredis\node_modules\nan
290 verbose linkStuff [ false,
290 verbose linkStuff   false,
290 verbose linkStuff   false,
290 verbose linkStuff   'C:\\Users\\diego.oliveira\\Desktop\\livroNode\\ntalk\\node_modules\\hiredis\\node_modules' ]
291 info linkStuff nan@1.5.3
292 verbose linkBins nan@1.5.3
293 verbose linkMans nan@1.5.3
294 verbose rebuildBundles nan@1.5.3
295 info install nan@1.5.3
296 info postinstall nan@1.5.3
297 verbose unlock done using C:\Users\diego.oliveira\AppData\Roaming\npm-cache\_locks\nan-6d46a603dd864edd.lock for C:\Users\diego.oliveira\Desktop\livroNode\ntalk\node_modules\hiredis\node_modules\nan
298 verbose about to build C:\Users\diego.oliveira\Desktop\livroNode\ntalk\node_modules\hiredis
299 info build C:\Users\diego.oliveira\Desktop\livroNode\ntalk\node_modules\hiredis
300 verbose linkStuff [ false,
300 verbose linkStuff   false,
300 verbose linkStuff   false,
300 verbose linkStuff   'C:\\Users\\diego.oliveira\\Desktop\\livroNode\\ntalk\\node_modules' ]
301 info linkStuff hiredis@0.3.0
302 verbose linkBins hiredis@0.3.0
303 verbose linkMans hiredis@0.3.0
304 verbose rebuildBundles hiredis@0.3.0
305 verbose rebuildBundles [ 'bindings', 'nan' ]
306 info install hiredis@0.3.0
307 verbose unsafe-perm in lifecycle true
308 info hiredis@0.3.0 Failed to exec install script
309 verbose unlock done using C:\Users\diego.oliveira\AppData\Roaming\npm-cache\_locks\hiredis-7495aff37010e0a2.lock for C:\Users\diego.oliveira\Desktop\livroNode\ntalk\node_modules\hiredis
310 verbose stack Error: hiredis@0.3.0 install: `node-gyp rebuild`
310 verbose stack Exit status 1
310 verbose stack     at EventEmitter.<anonymous> (C:\Program Files\nodejs\node_modules\npm\lib\utils\lifecycle.js:213:16)
310 verbose stack     at EventEmitter.emit (events.js:110:17)
310 verbose stack     at ChildProcess.<anonymous> (C:\Program Files\nodejs\node_modules\npm\lib\utils\spawn.js:14:12)
310 verbose stack     at ChildProcess.emit (events.js:110:17)
310 verbose stack     at maybeClose (child_process.js:1015:16)
310 verbose stack     at Process.ChildProcess._handle.onexit (child_process.js:1087:5)
311 verbose pkgid hiredis@0.3.0
312 verbose cwd C:\Users\diego.oliveira\Desktop\livroNode\ntalk
313 error Windows_NT 6.1.7601
314 error argv "C:\\Program Files\\nodejs\\\\node.exe" "C:\\Program Files\\nodejs\\node_modules\\npm\\bin\\npm-cli.js" "install" "hiredis" "--save"
315 error node v0.12.2
316 error npm  v2.7.4
317 error code ELIFECYCLE
318 error hiredis@0.3.0 install: `node-gyp rebuild`
318 error Exit status 1
319 error Failed at the hiredis@0.3.0 install script 'node-gyp rebuild'.
319 error This is most likely a problem with the hiredis package,
319 error not with npm itself.
319 error Tell the author that this fails on your system:
319 error     node-gyp rebuild
319 error You can get their info via:
319 error     npm owner ls hiredis
319 error There is likely additional logging output above.
320 verbose exit [ 1, true ]
321 verbose unbuild node_modules\hiredis
322 info preuninstall hiredis@0.3.0
323 info uninstall hiredis@0.3.0
324 verbose unbuild rmStuff hiredis@0.3.0 from C:\Users\diego.oliveira\Desktop\livroNode\ntalk\node_modules
325 info postuninstall hiredis@0.3.0
326 silly gentlyRm C:\Users\diego.oliveira\Desktop\livroNode\ntalk\node_modules\hiredis is being purged from base C:\Users\diego.oliveira\Desktop\livroNode\ntalk
327 verbose gentlyRm don't care about contents; nuking C:\Users\diego.oliveira\Desktop\livroNode\ntalk\node_modules\hiredis
328 silly vacuum-fs purging C:\Users\diego.oliveira\Desktop\livroNode\ntalk\node_modules\hiredis
329 silly vacuum-fs quitting because other entries in C:\Users\diego.oliveira\Desktop\livroNode\ntalk\node_modules
